[23:36:44][INFO] ===== META-TRAINING =====
[23:36:44][INFO] Running on GPU.
[23:36:44][INFO] Training using dataset located in ../output/
[23:37:07][INFO] ===== META-TRAINING =====
[23:37:07][INFO] Running on GPU.
[23:37:07][INFO] Training using dataset located in ../output/
[23:37:15][ERROR] Something went wrong: [Errno 2] No such file or directory: 'models/Embedder_20190812_0217.pth'
[23:37:45][INFO] ===== META-TRAINING =====
[23:37:45][INFO] Running on GPU.
[23:37:45][INFO] Training using dataset located in ../output/
[23:37:54][INFO] Epochs: 1000 Batches: 5962 Batch Size: 4
[23:37:57][INFO] Epoch 1: [1/5962] | Time: 0:00:01.145785 | Loss_E_G = -0.9300 Loss_D = 2.0000
[23:37:59][INFO] Epoch 1: [2/5962] | Time: 0:00:01.103396 | Loss_E_G = -0.9271 Loss_D = 2.0000
[23:38:02][INFO] Epoch 1: [3/5962] | Time: 0:00:01.087733 | Loss_E_G = -0.9237 Loss_D = 2.0000
[23:38:04][INFO] Epoch 1: [4/5962] | Time: 0:00:01.089820 | Loss_E_G = -0.9088 Loss_D = 2.0000
[23:42:43][INFO] ===== META-TRAINING =====
[23:42:43][INFO] Running on GPU.
[23:42:43][INFO] Training using dataset located in ../output/
[23:42:51][INFO] Epochs: 1000 Batches: 5962 Batch Size: 4
[23:42:53][INFO] Epoch 1: [1/5962] | Time: 0:00:01.170237 | Loss_E_G = -0.9297 Loss_D = 2.0000
[23:42:56][INFO] Epoch 1: [2/5962] | Time: 0:00:01.107211 | Loss_E_G = -0.9139 Loss_D = 2.0000
